Using pre-set license
Built from '2020.3/staging' branch; Version is '2020.3.13f1 (71691879b7f5) revision 7432472'; Using compiler version '192528614'; Build Type 'Release'
OS: 'Windows 10 Pro; OS build 19042.1237; Version 2009; 64bit' Language: 'es' Physical Memory: 8062 MB
BatchMode: 1, IsHumanControllingUs: 0, StartBugReporterOnCrash: 0, Is64bit: 1, IsPro: 0

 COMMAND LINE ARGUMENTS:
C:\Program Files\Unity\2020.3.13f1\Editor\Unity.exe
-adb2
-batchMode
-noUpm
-name
AssetImportWorker0
-projectPath
C:/Users/agust/Desktop/Portafolio/Unity/fps survival/fps-survival
-logFile
Logs/AssetImportWorker0.log
-srvPort
62580
Successfully changed project path to: C:/Users/agust/Desktop/Portafolio/Unity/fps survival/fps-survival
C:/Users/agust/Desktop/Portafolio/Unity/fps survival/fps-survival
Using Asset Import Pipeline V2.
Refreshing native plugins compatible for Editor in 68.82 ms, found 2 plugins.
Preloading 0 native plugins for Editor in 0.00 ms.
Initialize engine version: 2020.3.13f1 (71691879b7f5)
[Subsystems] Discovering subsystems at path C:/Program Files/Unity/2020.3.13f1/Editor/Data/Resources/UnitySubsystems
[Subsystems] Discovering subsystems at path C:/Users/agust/Desktop/Portafolio/Unity/fps survival/fps-survival/Assets
GfxDevice: creating device client; threaded=0
Direct3D:
    Version:  Direct3D 11.0 [level 11.1]
    Renderer: NVIDIA GeForce GTX 1050 (ID=0x1c81)
    Vendor:   
    VRAM:     1977 MB
    Driver:   30.0.14.7212
Shader 'Universal Render Pipeline/Particles/Lit': fallback shader 'Universal Render Pipeline/Particles/SimpleLit' not found
Initialize mono
Mono path[0] = 'C:/Program Files/Unity/2020.3.13f1/Editor/Data/Managed'
Mono path[1] = 'C:/Program Files/Unity/2020.3.13f1/Editor/Data/MonoBleedingEdge/lib/mono/unityjit'
Mono config path = 'C:/Program Files/Unity/2020.3.13f1/Editor/Data/MonoBleedingEdge/etc'
Using monoOptions --debugger-agent=transport=dt_socket,embedding=1,server=y,suspend=n,address=127.0.0.1:56412
Begin MonoManager ReloadAssembly
Registering precompiled unity dll's ...
Register platform support module: C:/Program Files/Unity/2020.3.13f1/Editor/Data/PlaybackEngines/WebGLSupport/UnityEditor.WebGL.Extensions.dll
Register platform support module: C:/Program Files/Unity/2020.3.13f1/Editor/Data/PlaybackEngines/WindowsStandaloneSupport/UnityEditor.WindowsStandalone.Extensions.dll
Registered in 0.001872 seconds.
Native extension for WindowsStandalone target not found
Native extension for WebGL target not found
Refreshing native plugins compatible for Editor in 57.68 ms, found 2 plugins.
Preloading 0 native plugins for Editor in 0.00 ms.
Mono: successfully reloaded assembly
- Completed reload, in  1.647 seconds
Platform modules already initialized, skipping
Registering precompiled user dll's ...
Registered in 0.007042 seconds.
Begin MonoManager ReloadAssembly
Native extension for WindowsStandalone target not found
Native extension for WebGL target not found
Refreshing native plugins compatible for Editor in 70.98 ms, found 2 plugins.
Preloading 0 native plugins for Editor in 0.00 ms.
Mono: successfully reloaded assembly
- Completed reload, in  1.495 seconds
Platform modules already initialized, skipping
========================================================================
Worker process is ready to serve import requests
Shader 'Universal Render Pipeline/Particles/Lit': fallback shader 'Universal Render Pipeline/Particles/SimpleLit' not found
Launched and connected shader compiler UnityShaderCompiler.exe after 0.03 seconds
Refreshing native plugins compatible for Editor in 0.82 ms, found 2 plugins.
Preloading 0 native plugins for Editor in 0.00 ms.
Unloading 3546 Unused Serialized files (Serialized files now loaded: 0)
System memory in use before: 158.0 MB.
System memory in use after: 158.2 MB.

Unloading 70 unused Assets to reduce memory usage. Loaded Objects now: 3958.
Total: 5.310300 ms (FindLiveObjects: 0.292400 ms CreateObjectMapping: 0.145800 ms MarkObjects: 4.768700 ms  DeleteObjects: 0.102700 ms)

AssetImportParameters requested are different than current active one (requested -> active):
  custom:framework-win-MediaFoundation: 216162199b28c13a410421893ffa2e32 -> 
  custom:video-decoder-ogg-theora: a1e56fd34408186e4bbccfd4996cb3dc -> 
  custom:container-muxer-webm: aa71ff27fc2769a1b78a27578f13a17b -> 
  custom:container-demuxer-webm: 4f35f7cbe854078d1ac9338744f61a02 -> 
  custom:container-demuxer-ogg: 62fdf1f143b41e24485cea50d1cbac27 -> 
  custom:video-encoder-webm-vp8: eb34c28f22e8b96e1ab97ce403110664 -> 
  custom:video-decoder-webm-vp8: 9c59270c3fd7afecdb556c50c9e8de78 -> 
  custom:audio-decoder-ogg-vorbis: bf7c407c2cedff20999df2af8eb42d56 -> 
  custom:audio-encoder-webm-vorbis: bf7c407c2cedff20999df2af8eb42d56 -> 
========================================================================
Received Import Request.
  path: Assets/Prefabs/Misc/GameManager.prefab
  artifactKey: Guid(c6df094e3052d9b4b8d222694124bd2b) Importer(815301076,1909f56bfc062723c751e8b465ee728b)
Start importing Assets/Prefabs/Misc/GameManager.prefab using Guid(c6df094e3052d9b4b8d222694124bd2b) Importer(815301076,1909f56bfc062723c751e8b465ee728b)  -> (artifact id: 'c04332b1740ba33dc8dcb62ed74049a3') in 0.147882 seconds 
  Import took 0.153518 seconds .

========================================================================
Received Import Request.
  Time since last request: 2.067420 seconds.
  path: Assets/Settings/ForwardRenderer.asset
  artifactKey: Guid(4a8e21d5c33334b11b34a596161b9360) Importer(815301076,1909f56bfc062723c751e8b465ee728b)
Start importing Assets/Settings/ForwardRenderer.asset using Guid(4a8e21d5c33334b11b34a596161b9360) Importer(815301076,1909f56bfc062723c751e8b465ee728b)  -> (artifact id: 'fd4bee02f0291389c3517910503f4b22') in 0.062142 seconds 
  Import took 0.067982 seconds .

========================================================================
Received Import Request.
  Time since last request: 0.000271 seconds.
  path: Assets/Settings/SampleSceneProfile.asset
  artifactKey: Guid(10fc4df2da32a41aaa32d77bc913491c) Importer(815301076,1909f56bfc062723c751e8b465ee728b)
Start importing Assets/Settings/SampleSceneProfile.asset using Guid(10fc4df2da32a41aaa32d77bc913491c) Importer(815301076,1909f56bfc062723c751e8b465ee728b)  -> (artifact id: 'd2b3f476ab718b1cf20d183dd9addfe7') in 0.014098 seconds 
  Import took 0.018866 seconds .

========================================================================
Received Import Request.
  Time since last request: 0.000263 seconds.
  path: Assets/Settings/UniversalRP-LowQuality.asset
  artifactKey: Guid(a31e9f9f9c9d4b9429ed0d1234e22103) Importer(815301076,1909f56bfc062723c751e8b465ee728b)
Start importing Assets/Settings/UniversalRP-LowQuality.asset using Guid(a31e9f9f9c9d4b9429ed0d1234e22103) Importer(815301076,1909f56bfc062723c751e8b465ee728b)  -> (artifact id: 'b226a0bb157262eadf686f6bb5b5f1f8') in 0.006262 seconds 
  Import took 0.011210 seconds .

========================================================================
Received Import Request.
  Time since last request: 0.000280 seconds.
  path: Assets/Settings/UniversalRP-MediumQuality.asset
  artifactKey: Guid(d847b876476d3d6468f5dfcd34266f96) Importer(815301076,1909f56bfc062723c751e8b465ee728b)
Start importing Assets/Settings/UniversalRP-MediumQuality.asset using Guid(d847b876476d3d6468f5dfcd34266f96) Importer(815301076,1909f56bfc062723c751e8b465ee728b)  -> (artifact id: 'd421f548a6507a11f25ec3578746e9c1') in 0.029632 seconds 
  Import took 0.034844 seconds .

========================================================================
Received Import Request.
  Time since last request: 0.000244 seconds.
  path: Assets/Settings/UniversalRP-HighQuality.asset
  artifactKey: Guid(19ba41d7c0026c3459d37c2fe90c55a0) Importer(815301076,1909f56bfc062723c751e8b465ee728b)
Start importing Assets/Settings/UniversalRP-HighQuality.asset using Guid(19ba41d7c0026c3459d37c2fe90c55a0) Importer(815301076,1909f56bfc062723c751e8b465ee728b)  -> (artifact id: '02e18c1f933b70f494440bf5e7626866') in 0.007109 seconds 
  Import took 0.012175 seconds .

========================================================================
Received Import Request.
  Time since last request: 0.000237 seconds.
  path: Assets/Settings/UniversalRP-MediumQuality.asset
  artifactKey: Guid(d847b876476d3d6468f5dfcd34266f96) Importer(815301076,1909f56bfc062723c751e8b465ee728b)
Start importing Assets/Settings/UniversalRP-MediumQuality.asset using Guid(d847b876476d3d6468f5dfcd34266f96) Importer(815301076,1909f56bfc062723c751e8b465ee728b)  -> (artifact id: 'd421f548a6507a11f25ec3578746e9c1') in 0.002727 seconds 
  Import took 0.007989 seconds .

========================================================================
Received Import Request.
  Time since last request: 0.978782 seconds.
  path: Assets/Prefabs/Items/Pickable.prefab
  artifactKey: Guid(6c6c6fd4b4013964eb7d7129caa8756d) Importer(815301076,1909f56bfc062723c751e8b465ee728b)
Start importing Assets/Prefabs/Items/Pickable.prefab using Guid(6c6c6fd4b4013964eb7d7129caa8756d) Importer(815301076,1909f56bfc062723c751e8b465ee728b)  -> (artifact id: 'f11d465e525bc3be27cae1b9db69ecc9') in 0.319698 seconds 
  Import took 0.325089 seconds .

========================================================================
Received Import Request.
  Time since last request: 0.000218 seconds.
  path: Assets/Prefabs/Items/TestItem.asset
  artifactKey: Guid(ba94af6ed7a723344803143ccfd2535b) Importer(815301076,1909f56bfc062723c751e8b465ee728b)
Start importing Assets/Prefabs/Items/TestItem.asset using Guid(ba94af6ed7a723344803143ccfd2535b) Importer(815301076,1909f56bfc062723c751e8b465ee728b)  -> (artifact id: '7a3eec88e484c26f20e1f3645a465133') in 0.007646 seconds 
  Import took 0.014755 seconds .

========================================================================
Received Import Request.
  Time since last request: 5.266182 seconds.
  path: Assets/Terrain/Terrain_0_0_534a89f3-74d4-4517-961c-48e7cce4ff2a.asset
  artifactKey: Guid(e23edd238db0b3341805c752fa7e6647) Importer(815301076,1909f56bfc062723c751e8b465ee728b)
Start importing Assets/Terrain/Terrain_0_0_534a89f3-74d4-4517-961c-48e7cce4ff2a.asset using Guid(e23edd238db0b3341805c752fa7e6647) Importer(815301076,1909f56bfc062723c751e8b465ee728b)  -> (artifact id: '0efaf150652cfaae9ef552693c18fc16') in 0.063102 seconds 
  Import took 0.084943 seconds .

========================================================================
Received Import Request.
  Time since last request: 0.339885 seconds.
  path: Assets/Sprites/frame-1.png
  artifactKey: Guid(088f076fa8c8b3847ad9368d62406f0d) Importer(815301076,1909f56bfc062723c751e8b465ee728b)
Start importing Assets/Sprites/frame-1.png using Guid(088f076fa8c8b3847ad9368d62406f0d) Importer(815301076,1909f56bfc062723c751e8b465ee728b)  -> (artifact id: '8c8627f3f629501c723d4343b4a9462c') in 0.084040 seconds 
  Import took 0.089927 seconds .

========================================================================
Received Import Request.
  Time since last request: 2.234771 seconds.
  path: Assets/Materials/Water.terrainlayer
  artifactKey: Guid(366c7a7ec18d37243a3bb75c49246584) Importer(815301076,1909f56bfc062723c751e8b465ee728b)
Start importing Assets/Materials/Water.terrainlayer using Guid(366c7a7ec18d37243a3bb75c49246584) Importer(815301076,1909f56bfc062723c751e8b465ee728b)  -> (artifact id: '38178fe603f1c80c5ff4996736df13fe') in 0.162802 seconds 
  Import took 0.168236 seconds .

AssetImportWorkerClient::OnTransportError - code=2 error=End of file
